"GIT PUSH BAT running" 
"Time:" 2024/04/28 周日 11:58:44.91 
"Start submitting code to the local repository" 
"Commit the changes to the local repository" 
[main 9ad95e7] 2024/04/28 ㄦ 11:58:44.91 update
 2 files changed, 13 insertions(+), 16 deletions(-)
 create mode 100644 repoSync.log
"Push the changes to the remote git server" 
"Execution complete!" 
"GIT PUSH BAT running" 
"Time:" 2024/04/28 周日 12:30:53.86 
"Start submitting code to the local repository" 
"Commit the changes to the local repository" 
[main e3252b9] 2024/04/28 ㄦ 12:30:53.86 update
 2 files changed, 11 insertions(+), 1 deletion(-)
"Push the changes to the remote git server" 
"Execution complete!" 
"GIT PUSH BAT running" 
"Time:" 2024/04/28 周日 17:41:59.31 
"Start submitting code to the local repository" 
"Commit the changes to the local repository" 
[main d3f7e36] 2024/04/28 ㄦ 17:41:59.31 update
 1 file changed, 8 insertions(+)
"Push the changes to the remote git server" 
"Execution complete!" 
"GIT PUSH BAT running" 
"Time:" 2024/04/30 周二 10:08:35.11 
"Start submitting code to the local repository" 
"Commit the changes to the local repository" 
[main 31614f2] 2024/04/30 ㄤ 10:08:35.11 update
 1 file changed, 8 insertions(+)
"Push the changes to the remote git server" 
"Execution complete!" 
"GIT PUSH BAT running" 
"Time:" 2024/04/30 周二 10:09:28.13 
"Start submitting code to the local repository" 
"Commit the changes to the local repository" 
[main a96cc9b] 2024/04/30 ㄤ 10:09:28.13 update
 3 files changed, 11 insertions(+)
 create mode 100644 repoSync
"Push the changes to the remote git server" 
"Execution complete!" 
"GIT PUSH BAT running" 
"Time:" 2024/04/30 周二 17:22:31.81 
"Start submitting code to the local repository" 
"Commit the changes to the local repository" 
[main f68be82] 2024/04/30 ㄤ 17:22:31.81 update
 1 file changed, 9 insertions(+)
"Push the changes to the remote git server" 
"Execution complete!" 
Already up to date.
"GIT PUSH BAT running" 
"Time:" 2024/05/07 周二 14:04:52.36 
"Start submitting code to the local repository" 
"Commit the changes to the local repository" 
[main 22b2c94] 2024/05/07 ㄤ 14:04:52.36 update
 1 file changed, 4 insertions(+)
"Push the changes to the remote git server" 
"Execution complete!" 
