\BOOKMARK [1][-]{section.1}{\376\377\133\236\232\214\147\120\145\231}{}% 1
\BOOKMARK [2][-]{subsection.1.1}{\376\377\000P\000u\000b\000M\000e\000d\000\040\145\160\143\156\136\223\116\055\144\034\175\042\145\160\143\156\145\207\163\056}{section.1}% 2
\BOOKMARK [3][-]{subsubsection.1.1.1}{\376\377\220\011\133\232\170\024\172\166\162\151\171\315}{subsection.1.1}% 3
\BOOKMARK [3][-]{subsubsection.1.1.2}{\376\377\127\050\000\040\000P\000u\000b\000M\000e\000d\000\040\116\055\150\300\175\042\145\207\163\056\136\166\116\013\217\175\145\160\143\156}{subsection.1.1}% 4
\BOOKMARK [3][-]{subsubsection.1.1.3}{\376\377\145\160\143\156\203\267\123\326}{subsection.1.1}% 5
\BOOKMARK [2][-]{subsection.1.2}{\376\377\176\277\206\153\123\302\200\003\127\372\126\340\176\304}{section.1}% 6
\BOOKMARK [3][-]{subsubsection.1.2.1}{\376\377\000W\000o\000r\000m\000B\000a\000s\000e}{subsection.1.2}% 7
\BOOKMARK [2][-]{subsection.1.3}{\376\377\133\236\232\214\217\157\116\366}{section.1}% 8
\BOOKMARK [3][-]{subsubsection.1.3.1}{\376\377\000F\000a\000s\000t\000Q\000C}{subsection.1.3}% 9
\BOOKMARK [3][-]{subsubsection.1.3.2}{\376\377\000T\000r\000o\000m\000m\000o\000m\000a\000t\000i\000c}{subsection.1.3}% 10
\BOOKMARK [3][-]{subsubsection.1.3.3}{\376\377\000B\000W\000A}{subsection.1.3}% 11
\BOOKMARK [3][-]{subsubsection.1.3.4}{\376\377\000B\000o\000w\000t\000i\000e}{subsection.1.3}% 12
\BOOKMARK [3][-]{subsubsection.1.3.5}{\376\377\000B\000W\000A\000\040\116\016\000\040\000B\000o\000w\000t\000i\000e}{subsection.1.3}% 13
\BOOKMARK [3][-]{subsubsection.1.3.6}{\376\377\000S\000a\000m\000t\000o\000o\000l\000s}{subsection.1.3}% 14
\BOOKMARK [3][-]{subsubsection.1.3.7}{\376\377\000B\000e\000d\000t\000o\000o\000l\000s}{subsection.1.3}% 15
\BOOKMARK [3][-]{subsubsection.1.3.8}{\376\377\000M\000A\000C\000S}{subsection.1.3}% 16
\BOOKMARK [3][-]{subsubsection.1.3.9}{\376\377\000M\000E\000M\000E}{subsection.1.3}% 17
\BOOKMARK [1][-]{section.2}{\376\377\133\236\232\214\155\101\172\013\123\312\176\323\147\234}{}% 18
\BOOKMARK [2][-]{subsection.2.1}{\376\377\117\177\165\050\000\040\000F\000a\000s\000t\000Q\000C\000\040\122\006\147\220\145\160\143\156}{section.2}% 19
\BOOKMARK [3][-]{subsubsection.2.1.1}{\376\377\000F\000a\000s\000t\000Q\000C\000\040\122\006\147\220\176\323\147\234}{subsection.2.1}% 20
\BOOKMARK [2][-]{subsection.2.2}{\376\377\000\040\117\177\165\050\000\040\000T\000r\000i\000m\000m\000o\000m\000a\000t\000i\000c\000\040\123\273\226\144\000\040\000a\000d\000a\000p\000t\000e\000r\000\040\136\217\122\027}{section.2}% 21
\BOOKMARK [2][-]{subsection.2.3}{\376\377\117\177\165\050\000\040\000F\000a\000s\000t\000Q\000C\000\040\122\006\147\220\131\004\164\006\124\016\166\204\145\160\143\156}{section.2}% 22
\BOOKMARK [2][-]{subsection.2.4}{\376\377\000B\000W\000A\000\040\153\324\133\371}{section.2}% 23
\BOOKMARK [3][-]{subsubsection.2.4.1}{\376\377\136\372\172\313\123\302\200\003\127\372\126\340\176\304\175\042\137\025}{subsection.2.4}% 24
\BOOKMARK [3][-]{subsubsection.2.4.2}{\376\377\000B\000W\000A\000\040\153\324\133\371}{subsection.2.4}% 25
\BOOKMARK [2][-]{subsection.2.5}{\376\377\000B\000o\000w\000t\000i\000e\000\040\153\324\133\371}{section.2}% 26
\BOOKMARK [3][-]{subsubsection.2.5.1}{\376\377\136\372\172\313\123\302\200\003\127\372\126\340\176\304\175\042\137\025}{subsection.2.5}% 27
\BOOKMARK [3][-]{subsubsection.2.5.2}{\376\377\000B\000o\000w\000t\000i\000e\000\040\153\324\133\371}{subsection.2.5}% 28
\BOOKMARK [2][-]{subsection.2.6}{\376\377\000S\000a\000m\000t\000o\000o\000l\000s\000\040\176\337\213\241\153\324\133\371\176\323\147\234}{section.2}% 29
\BOOKMARK [3][-]{subsubsection.2.6.1}{\376\377\000B\000W\000A\000\040\153\324\133\371\176\323\147\234}{subsection.2.6}% 30
\BOOKMARK [3][-]{subsubsection.2.6.2}{\376\377\000B\000o\000w\000t\000i\000e\000\040\153\324\133\371\176\323\147\234}{subsection.2.6}% 31
\BOOKMARK [2][-]{subsection.2.7}{\376\377\000P\000e\000a\000k\000\040\000C\000a\000l\000l\000i\000n\000g}{section.2}% 32
\BOOKMARK [2][-]{subsection.2.8}{\376\377\000M\000o\000t\000i\000f\000\040\122\006\147\220}{section.2}% 33
\BOOKMARK [1][-]{section.3}{\376\377\133\236\232\214\140\073\176\323}{}% 34
\BOOKMARK [2][-]{subsection.3.1}{\376\377\145\160\143\156\230\204\131\004\164\006}{section.3}% 35
\BOOKMARK [2][-]{subsection.3.2}{\376\377\136\217\122\027\153\324\133\371}{section.3}% 36
\BOOKMARK [2][-]{subsection.3.3}{\376\377\000P\000e\000a\000k\000\040\000C\000a\000l\000l\000i\000n\000g\000\040\000\046\000\040\000M\000o\000t\000i\000f\000\040\000A\000n\000a\000l\000y\000s\000i\000s}{section.3}% 37
