\BOOKMARK [1][-]{section.1}{\376\377\230\171\166\356\147\120\145\231\123\312\166\356\166\204}{}% 1
\BOOKMARK [2][-]{subsection.1.1}{\376\377\000P\000u\000b\000M\000e\000d\000\040\145\160\143\156\136\223\116\055\144\034\175\042\145\160\143\156\145\207\163\056}{section.1}% 2
\BOOKMARK [3][-]{subsubsection.1.1.1}{\376\377\220\011\133\232\170\024\172\166\162\151\171\315}{subsection.1.1}% 3
\BOOKMARK [3][-]{subsubsection.1.1.2}{\376\377\127\050\000\040\000P\000u\000b\000M\000e\000d\000\040\116\055\150\300\175\042\145\207\163\056}{subsection.1.1}% 4
\BOOKMARK [1][-]{section.2}{\376\377\145\160\143\156\116\016\145\271\154\325}{}% 5
\BOOKMARK [2][-]{subsection.2.1}{\376\377\000N\000G\000S\000\040\145\160\143\156\203\267\123\326}{section.2}% 6
\BOOKMARK [2][-]{subsection.2.2}{\376\377\176\277\206\153\123\302\200\003\127\372\126\340\176\304}{section.2}% 7
\BOOKMARK [3][-]{subsubsection.2.2.1}{\376\377\000W\000o\000r\000m\000B\000a\000s\000e}{subsection.2.2}% 8
\BOOKMARK [2][-]{subsection.2.3}{\376\377\000R\123\005\123\312\121\166\116\326\217\157\116\366}{section.2}% 9
\BOOKMARK [3][-]{subsubsection.2.3.1}{\376\377\000F\000a\000s\000t\000Q\000C}{subsection.2.3}% 10
\BOOKMARK [3][-]{subsubsection.2.3.2}{\376\377\000T\000r\000o\000m\000m\000o\000m\000a\000t\000i\000c}{subsection.2.3}% 11
\BOOKMARK [3][-]{subsubsection.2.3.3}{\376\377\000B\000o\000w\000t\000i\000e\0002}{subsection.2.3}% 12
\BOOKMARK [3][-]{subsubsection.2.3.4}{\376\377\000S\000a\000m\000t\000o\000o\000l\000s}{subsection.2.3}% 13
\BOOKMARK [3][-]{subsubsection.2.3.5}{\376\377\000B\000e\000d\000t\000o\000o\000l\000s}{subsection.2.3}% 14
\BOOKMARK [3][-]{subsubsection.2.3.6}{\376\377\000M\000A\000C\000S\0002}{subsection.2.3}% 15
\BOOKMARK [3][-]{subsubsection.2.3.7}{\376\377\000M\000E\000M\000E\000*\000*\000*}{subsection.2.3}% 16
\BOOKMARK [3][-]{subsubsection.2.3.8}{\376\377\000C\000h\000I\000P\000s\000e\000e\000k\000e\000r}{subsection.2.3}% 17
\BOOKMARK [1][-]{section.3}{\376\377\133\236\232\214\155\101\172\013\123\312\176\323\147\234}{}% 18
\BOOKMARK [2][-]{subsection.3.1}{\376\377\117\177\165\050\000\040\000F\000a\000s\000t\000Q\000C\000\040\122\006\147\220\145\160\143\156}{section.3}% 19
\BOOKMARK [2][-]{subsection.3.2}{\376\377\000\040\117\177\165\050\000\040\000T\000r\000i\000m\000m\000o\000m\000a\000t\000i\000c\000\040\123\273\226\144\000\040\000a\000d\000a\000p\000t\000e\000r\000\040\136\217\122\027}{section.3}% 20
\BOOKMARK [2][-]{subsection.3.3}{\376\377\000B\000W\000A\000\040\153\324\133\371}{section.3}% 21
\BOOKMARK [2][-]{subsection.3.4}{\376\377\000B\000o\000w\000t\000i\000e\000\040\153\324\133\371}{section.3}% 22
\BOOKMARK [3][-]{subsubsection.3.4.1}{\376\377\136\372\172\313\123\302\200\003\127\372\126\340\176\304\175\042\137\025}{subsection.3.4}% 23
\BOOKMARK [3][-]{subsubsection.3.4.2}{\376\377\000B\000o\000w\000t\000i\000e\000\040\153\324\133\371}{subsection.3.4}% 24
\BOOKMARK [2][-]{subsection.3.5}{\376\377\000S\000a\000m\000t\000o\000o\000l\000s\000\040\176\337\213\241\153\324\133\371\176\323\147\234}{section.3}% 25
\BOOKMARK [3][-]{subsubsection.3.5.1}{\376\377\000B\000o\000w\000t\000i\000e\000\040\153\324\133\371\176\323\147\234}{subsection.3.5}% 26
\BOOKMARK [2][-]{subsection.3.6}{\376\377\000P\000e\000a\000k\000\040\000C\000a\000l\000l\000i\000n\000g}{section.3}% 27
\BOOKMARK [2][-]{subsection.3.7}{\376\377\000M\000o\000t\000i\000f\000\040\122\006\147\220}{section.3}% 28
\BOOKMARK [2][-]{subsection.3.8}{\376\377\000P\000e\000a\000k\000\040\154\350\221\312}{section.3}% 29
\BOOKMARK [1][-]{section.4}{\376\377\176\323\147\234\116\016\126\376\210\150}{}% 30
\BOOKMARK [2][-]{subsection.4.1}{\376\377\000F\000a\000s\000t\000Q\000C\000\040\000R\000e\000s\000u\000l\000t}{section.4}% 31
\BOOKMARK [3][-]{subsubsection.4.1.1}{\376\377\000O\000r\000i\000g\000i\000n\000a\000l\000\040\000D\000a\000t\000a}{subsection.4.1}% 32
\BOOKMARK [3][-]{subsubsection.4.1.2}{\376\377\000P\000r\000o\000c\000e\000s\000s\000e\000d\000\040\000D\000a\000t\000a}{subsection.4.1}% 33
\BOOKMARK [2][-]{subsection.4.2}{\376\377\000P\000e\000a\000k\000\040\000c\000a\000l\000l\000i\000n\000g}{section.4}% 34
\BOOKMARK [2][-]{subsection.4.3}{\376\377\000M\000o\000t\000i\000f\000\040\000A\000n\000a\000l\000y\000s\000i\000s}{section.4}% 35
\BOOKMARK [2][-]{subsection.4.4}{\376\377\000P\000e\000a\000k\000\040\000A\000n\000n\000o\000t\000a\000t\000i\000o\000n}{section.4}% 36
\BOOKMARK [2][-]{subsection.4.5}{\376\377\000G\000e\000n\000e\000\040\000O\000n\000t\000o\000l\000o\000g\000y}{section.4}% 37
